[14:28:49.653] [INFO] storybook v10.3.6
[14:28:51.311] [DEBUG] Getting package.json info for /Users/devinoldenburg/Documents/Projekte/Personal/opencode/packages/storybook/package.json...
[14:28:51.817] [INFO] Storybook collects completely anonymous usage telemetry. We use it to shape Storybook's roadmap and prioritize features. You can learn more, including how to opt out, at https://storybook.js.org/telemetry
[14:28:52.146] [WARN] 🚨 Unable to index ./../ui/src/components/session-tps-meter.stories.tsx:
  NoMetaError: CSF: default export must be an object /Users/devinoldenburg/Documents/Projekte/Personal/opencode/packages/ui/src/components/session-tps-meter.stories.tsx (line 40, col 0)

More info: https://storybook.js.org/docs/writing-stories?ref=error#default-export
    at enter (file:///Users/devinoldenburg/Documents/Projekte/Personal/opencode/node_modules/storybook/dist/_node-chunks/chunk-TTCWCDY7.js:283:19)
    at NodePath._call (file:///Users/devinoldenburg/Documents/Projekte/Personal/opencode/node_modules/storybook/dist/_node-chunks/chunk-MKXM7JNE.js:31696:22)
    at NodePath.call (file:///Users/devinoldenburg/Documents/Projekte/Personal/opencode/node_modules/storybook/dist/_node-chunks/chunk-MKXM7JNE.js:31686:22)
    at NodePath.visit (file:///Users/devinoldenburg/Documents/Projekte/Personal/opencode/node_modules/storybook/dist/_node-chunks/chunk-MKXM7JNE.js:31719:38)
    at TraversalContext.visitQueue (file:///Users/devinoldenburg/Documents/Projekte/Personal/opencode/node_modules/storybook/dist/_node-chunks/chunk-MKXM7JNE.js:31605:49)
    at TraversalContext.visitMultiple (file:///Users/devinoldenburg/Documents/Projekte/Personal/opencode/node_modules/storybook/dist/_node-chunks/chunk-MKXM7JNE.js:31590:21)
    at TraversalContext.visit (file:///Users/devinoldenburg/Documents/Projekte/Personal/opencode/node_modules/storybook/dist/_node-chunks/chunk-MKXM7JNE.js:31619:52)
    at traverseNode (file:///Users/devinoldenburg/Documents/Projekte/Personal/opencode/node_modules/storybook/dist/_node-chunks/chunk-MKXM7JNE.js:31644:61)
    at NodePath.visit (file:///Users/devinoldenburg/Documents/Projekte/Personal/opencode/node_modules/storybook/dist/_node-chunks/chunk-MKXM7JNE.js:31719:224)
    at TraversalContext.visitQueue (file:///Users/devinoldenburg/Documents/Projekte/Personal/opencode/node_modules/storybook/dist/_node-chunks/chunk-MKXM7JNE.js:31605:49)
[14:28:52.149] [ERROR] Error: Unable to index ./../ui/src/components/session-tps-meter.stories.tsx
    at _StoryIndexGenerator.getIndexAndStats (file:///Users/devinoldenburg/Documents/Projekte/Personal/opencode/node_modules/storybook/dist/core-server/index.js:6282:15)
    at async _StoryIndexGenerator.getIndex (file:///Users/devinoldenburg/Documents/Projekte/Personal/opencode/node_modules/storybook/dist/core-server/index.js:6271:13)
    at async Object.experimental_serverChannel (file:///Users/devinoldenburg/Documents/Projekte/Personal/opencode/node_modules/@storybook/addon-vitest/dist/preset.js:464:14)
    at async buildDevStandalone (file:///Users/devinoldenburg/Documents/Projekte/Personal/opencode/node_modules/storybook/dist/core-server/index.js:8027:32)
    at async withTelemetry (file:///Users/devinoldenburg/Documents/Projekte/Personal/opencode/node_modules/storybook/dist/_node-chunks/chunk-UYONHJJP.js:225:12)
    at async dev (file:///Users/devinoldenburg/Documents/Projekte/Personal/opencode/node_modules/storybook/dist/bin/core.js:2736:3)
    at async _Command.<anonymous> (file:///Users/devinoldenburg/Documents/Projekte/Personal/opencode/node_modules/storybook/dist/bin/core.js:2806:92)
[14:28:52.150] [WARN] Broken build, fix the error above.
You may need to refresh the browser.